<?xml version="1.0" encoding="UTF-8"?>
<!-- Generated by org.testng.reporters.JUnitReportReporter -->
<testsuite hostname="shariq" failures="0" tests="1" name="demoworkshop.DemoTest" time="23.902" errors="0" timestamp="10 Dec 2024 06:01:35 GMT" skipped="0">
  <testcase classname="demoworkshop.DemoTest" name="testRegi" time="23.902"/>
</testsuite> <!-- demoworkshop.DemoTest -->
